<?xml version="1.0" encoding="UTF-8"?>
<!-- Generated by org.testng.reporters.JUnitReportReporter -->
<testsuite hostname="home-PC" name="com.randord.functionalities.TestExecution" tests="4" failures="0" timestamp="1 Sep 2018 15:25:15 GMT" time="18.818" errors="0">
  <testcase name="verify_logout" time="0.577" classname="com.randord.functionalities.TestExecution"/>
  <testcase name="verify_login" time="4.204" classname="com.randord.functionalities.TestExecution"/>
  <testcase name="verifyCreateNewBranch" time="4.920" classname="com.randord.functionalities.TestExecution"/>
  <testcase name="verify_launch" time="9.117" classname="com.randord.functionalities.TestExecution"/>
</testsuite> <!-- com.randord.functionalities.TestExecution -->
